<?xml version="1.0" encoding="UTF-8"?>
<testsuite name="LogLevelsTest" tests="11" skipped="0" failures="0" errors="0" timestamp="2025-09-10T22:45:17" hostname="ANA" time="0.093">
  <properties/>
  <testcase name="The message method returns the log line's message after removing leading and trailing spaces" classname="LogLevelsTest" time="0.064"/>
  <testcase name="The message method returns the log line's message of an info log" classname="LogLevelsTest" time="0.002"/>
  <testcase name="The message method returns the log line's message of an error log" classname="LogLevelsTest" time="0.001"/>
  <testcase name="The reformat method correctly reformats an error log line removing spaces" classname="LogLevelsTest" time="0.001"/>
  <testcase name="The logLevel method returns the log level of an info log line" classname="LogLevelsTest" time="0.002"/>
  <testcase name="The reformat method correctly reformats an error log line" classname="LogLevelsTest" time="0.002"/>
  <testcase name="The logLevel method returns the log level of an error log line" classname="LogLevelsTest" time="0.001"/>
  <testcase name="The reformat method correctly reformats an info log line" classname="LogLevelsTest" time="0.001"/>
  <testcase name="The reformat method correctly reformats a warning log line" classname="LogLevelsTest" time="0.001"/>
  <testcase name="The logLevel method returns the log level of a warning log line" classname="LogLevelsTest" time="0.001"/>
  <testcase name="The message method returns the log line's message of a warning log" classname="LogLevelsTest" time="0.005"/>
  <system-out><![CDATA[]]></system-out>
  <system-err><![CDATA[]]></system-err>
</testsuite>
