<?xml version="1.0" encoding="UTF-8"?>
<testsuite name="JedliksToyCarTest" tests="10" skipped="0" failures="0" errors="0" timestamp="2025-07-30T01:36:00" hostname="ANA" time="0.149">
  <properties/>
  <testcase name="The static buy method returns a new remote controlled car instance" classname="JedliksToyCarTest" time="0.102"/>
  <testcase name="The distanceDisplay method shows 0 meters message on a new car" classname="JedliksToyCarTest" time="0.005"/>
  <testcase name="The distanceDisplay method shows the correct message after driving once" classname="JedliksToyCarTest" time="0.001"/>
  <testcase name="The batteryDisplay method shows the correct message after driving once" classname="JedliksToyCarTest" time="0.008"/>
  <testcase name="The distanceDisplay method shows the correct message after driving and draining all battery" classname="JedliksToyCarTest" time="0.002"/>
  <testcase name="The batteryDisplay method shows battery empty after draining all battery" classname="JedliksToyCarTest" time="0.004"/>
  <testcase name="The batteryDisplay method shows the correct battery percentage after driving multiple times" classname="JedliksToyCarTest" time="0.003"/>
  <testcase name="The static buy method returns each time a new remote controlled car instance" classname="JedliksToyCarTest" time="0.004"/>
  <testcase name="The distanceDisplay method shows the correct message after driving multiple times" classname="JedliksToyCarTest" time="0.002"/>
  <testcase name="The batteryDisplay method shows full battery message on a new car" classname="JedliksToyCarTest" time="0.001"/>
  <system-out><![CDATA[]]></system-out>
  <system-err><![CDATA[]]></system-err>
</testsuite>
